0 info it worked if it ends with ok
1 verbose cli [ '/usr/local/bin/node', '/usr/local/bin/npm', 'start' ]
2 info using npm@3.10.10
3 info using node@v6.11.2
4 verbose run-script [ 'prestart', 'start', 'poststart' ]
5 info lifecycle genesisui-react@1.8.5~prestart: genesisui-react@1.8.5
6 silly lifecycle genesisui-react@1.8.5~prestart: no script for prestart, continuing
7 info lifecycle genesisui-react@1.8.5~start: genesisui-react@1.8.5
8 verbose lifecycle genesisui-react@1.8.5~start: unsafe-perm in lifecycle true
9 verbose lifecycle genesisui-react@1.8.5~start: PATH: /usr/local/lib/node_modules/npm/bin/node-gyp-bin:/Users/gaidarzhi/Desktop/projects/maket/node_modules/.bin:/usr/local/bin:/usr/bin:/bin:/usr/sbin:/sbin
10 verbose lifecycle genesisui-react@1.8.5~start: CWD: /Users/gaidarzhi/Desktop/projects/maket
11 silly lifecycle genesisui-react@1.8.5~start: Args: [ '-c',
11 silly lifecycle   'webpack-dev-server --env.dev --open --hot --progress --colors --inline' ]
12 silly lifecycle genesisui-react@1.8.5~start: Returned: code: 255  signal: null
13 info lifecycle genesisui-react@1.8.5~start: Failed to exec start script
14 verbose stack Error: genesisui-react@1.8.5 start: `webpack-dev-server --env.dev --open --hot --progress --colors --inline`
14 verbose stack Exit status 255
14 verbose stack     at EventEmitter.<anonymous> (/usr/local/lib/node_modules/npm/lib/utils/lifecycle.js:255:16)
14 verbose stack     at emitTwo (events.js:106:13)
14 verbose stack     at EventEmitter.emit (events.js:191:7)
14 verbose stack     at ChildProcess.<anonymous> (/usr/local/lib/node_modules/npm/lib/utils/spawn.js:40:14)
14 verbose stack     at emitTwo (events.js:106:13)
14 verbose stack     at ChildProcess.emit (events.js:191:7)
14 verbose stack     at maybeClose (internal/child_process.js:891:16)
14 verbose stack     at Process.ChildProcess._handle.onexit (internal/child_process.js:226:5)
15 verbose pkgid genesisui-react@1.8.5
16 verbose cwd /Users/gaidarzhi/Desktop/projects/maket
17 error Darwin 17.3.0
18 error argv "/usr/local/bin/node" "/usr/local/bin/npm" "start"
19 error node v6.11.2
20 error npm  v3.10.10
21 error code ELIFECYCLE
22 error genesisui-react@1.8.5 start: `webpack-dev-server --env.dev --open --hot --progress --colors --inline`
22 error Exit status 255
23 error Failed at the genesisui-react@1.8.5 start script 'webpack-dev-server --env.dev --open --hot --progress --colors --inline'.
23 error Make sure you have the latest version of node.js and npm installed.
23 error If you do, this is most likely a problem with the genesisui-react package,
23 error not with npm itself.
23 error Tell the author that this fails on your system:
23 error     webpack-dev-server --env.dev --open --hot --progress --colors --inline
23 error You can get information on how to open an issue for this project with:
23 error     npm bugs genesisui-react
23 error Or if that isn't available, you can get their info via:
23 error     npm owner ls genesisui-react
23 error There is likely additional logging output above.
24 verbose exit [ 1, true ]
